app/build/intermediates/manifest_merge_blame_file/release/manifest-merger-blame-release-report.txt
1<?xml version="1.0" encoding="utf-8"?>
2<!--
3    Copyright 2013 Simon Willeke
4    contact: hamstercount@hotmail.com
5-->
6<!--
7    This file is part of Blockinger.
8
9    Blockinger is free software: you can redistribute it and/or modify
10    it under the terms of the GNU General Public License as published by
11    the Free Software Foundation, either version 3 of the License, or
12    (at your option) any later version.
13
14    Blockinger is distributed in the hope that it will be useful,
15    but WITHOUT ANY WARRANTY; without even the implied warranty of
16    MERCHANTABILITY or FITNESS FOR A PARTICULAR PURPOSE.  See the
17    GNU General Public License for more details.
18
19    You should have received a copy of the GNU General Public License
20    along with Blockinger.  If not, see <http://www.gnu.org/licenses/>.
21
22    Diese Datei ist Teil von Blockinger.
23
24    Blockinger ist Freie Software: Sie können es unter den Bedingungen
25    der GNU General Public License, wie von der Free Software Foundation,
26    Version 3 der Lizenz oder (nach Ihrer Option) jeder späteren
27    veröffentlichten Version, weiterverbreiten und/oder modifizieren.
28
29    Blockinger wird in der Hoffnung, dass es nützlich sein wird, aber
30    OHNE JEDE GEWÄHELEISTUNG, bereitgestellt; sogar ohne die implizite
31    Gewährleistung der MARKTFÄHIGKEIT oder EIGNUNG FÜR EINEN BESTIMMTEN ZWECK.
32    Siehe die GNU General Public License für weitere Details.
33
34    Sie sollten eine Kopie der GNU General Public License zusammen mit diesem
35    Programm erhalten haben. Wenn nicht, siehe <http://www.gnu.org/licenses/>.
36-->
37<manifest xmlns:android="http://schemas.android.com/apk/res/android"
38    package="org.nirvana.game"
39    android:versionCode="1"
40    android:versionName="1.0" >
41
42    <uses-sdk
43        android:minSdkVersion="24"
43-->src\main\AndroidManifest.xml
44        android:targetSdkVersion="28" />
44-->src\main\AndroidManifest.xml
45
46    <!-- <uses-sdk android:targetSdkVersion="28" /> -->
47
48
49    <!-- StartApp Permissions -->
50    <uses-permission android:name="android.permission.INTERNET" />
50-->src\main\AndroidManifest.xml:46:5-67
50-->src\main\AndroidManifest.xml:46:22-64
51    <uses-permission android:name="android.permission.ACCESS_WIFI_STATE" />
51-->src\main\AndroidManifest.xml:47:5-76
51-->src\main\AndroidManifest.xml:47:22-73
52    <uses-permission android:name="android.permission.ACCESS_NETWORK_STATE" />
52-->src\main\AndroidManifest.xml:48:5-79
52-->src\main\AndroidManifest.xml:48:22-76
53    <uses-permission android:name="android.permission.RECEIVE_BOOT_COMPLETED" />
53-->src\main\AndroidManifest.xml:49:5-81
53-->src\main\AndroidManifest.xml:49:22-78
54    <uses-permission android:name="android.permission.BLUETOOTH" />
54-->src\main\AndroidManifest.xml:50:5-68
54-->src\main\AndroidManifest.xml:50:22-65
55    <!--  -->
56    <uses-permission android:name="android.permission.VIBRATE" />
56-->src\main\AndroidManifest.xml:52:5-66
56-->src\main\AndroidManifest.xml:52:22-63
57
58    <supports-screens
58-->src\main\AndroidManifest.xml:53:5-190
59        android:anyDensity="true"
59-->src\main\AndroidManifest.xml:53:134-159
60        android:largeScreens="true"
60-->src\main\AndroidManifest.xml:53:80-107
61        android:normalScreens="true"
61-->src\main\AndroidManifest.xml:53:23-51
62        android:resizeable="true"
62-->src\main\AndroidManifest.xml:53:108-133
63        android:smallScreens="true"
63-->src\main\AndroidManifest.xml:53:52-79
64        android:xlargeScreens="true" />
64-->src\main\AndroidManifest.xml:53:160-188
65
66    <application
66-->src\main\AndroidManifest.xml:55:5-151:19
67        android:allowBackup="true"
67-->src\main\AndroidManifest.xml:56:9-35
68        android:appComponentFactory="android.support.v4.app.CoreComponentFactory"
68-->[com.android.support:support-compat:28.0.0] AndroidManifest.xml:22:18-91
69        android:extractNativeLibs="false"
70        android:icon="@drawable/iconinger_v2"
70-->src\main\AndroidManifest.xml:57:9-46
71        android:label="@string/app_name"
71-->src\main\AndroidManifest.xml:58:9-41
72        android:theme="@style/AppTheme" >
72-->src\main\AndroidManifest.xml:59:9-40
73        <activity
73-->src\main\AndroidManifest.xml:60:9-71:20
74            android:name="org.nirvana.game.activities.MainActivity"
74-->src\main\AndroidManifest.xml:61:13-68
75            android:configChanges="orientation|screenLayout|screenSize"
75-->src\main\AndroidManifest.xml:62:13-72
76            android:icon="@drawable/iconinger_v2"
76-->src\main\AndroidManifest.xml:63:13-50
77            android:label="@string/app_name"
77-->src\main\AndroidManifest.xml:64:13-45
78            android:theme="@style/AppTheme" >
78-->src\main\AndroidManifest.xml:65:13-44
79            <intent-filter>
79-->src\main\AndroidManifest.xml:66:13-70:29
80                <action android:name="android.intent.action.MAIN" />
80-->src\main\AndroidManifest.xml:67:17-69
80-->src\main\AndroidManifest.xml:67:25-66
81
82                <category android:name="android.intent.category.LAUNCHER" />
82-->src\main\AndroidManifest.xml:69:17-77
82-->src\main\AndroidManifest.xml:69:27-74
83            </intent-filter>
84        </activity>
85        <activity
85-->src\main\AndroidManifest.xml:72:9-76:20
86            android:name="org.nirvana.game.activities.GameActivity"
86-->src\main\AndroidManifest.xml:73:13-68
87            android:label="@string/title_activity_game"
87-->src\main\AndroidManifest.xml:74:13-56
88            android:theme="@style/AppTheme" >
88-->src\main\AndroidManifest.xml:75:13-44
89        </activity>
90        <activity
90-->src\main\AndroidManifest.xml:77:9-81:20
91            android:name="org.nirvana.game.activities.SettingsActivity"
91-->src\main\AndroidManifest.xml:78:13-72
92            android:icon="@drawable/ic_settings"
92-->src\main\AndroidManifest.xml:79:13-49
93            android:label="@string/title_activity_settings" >
93-->src\main\AndroidManifest.xml:80:13-60
94        </activity>
95        <activity
95-->src\main\AndroidManifest.xml:82:9-86:20
96            android:name="org.nirvana.game.activities.AdvancedSettingsActivity"
96-->src\main\AndroidManifest.xml:83:13-80
97            android:icon="@drawable/ic_settings"
97-->src\main\AndroidManifest.xml:84:13-49
98            android:label="@string/pref_category_advanced" >
98-->src\main\AndroidManifest.xml:85:13-59
99        </activity>
100        <activity
100-->src\main\AndroidManifest.xml:87:9-91:20
101            android:name="org.nirvana.game.activities.AboutActivity"
101-->src\main\AndroidManifest.xml:88:13-69
102            android:icon="@drawable/iconinger_v2"
102-->src\main\AndroidManifest.xml:89:13-50
103            android:label="@string/title_activity_about" >
103-->src\main\AndroidManifest.xml:90:13-57
104        </activity>
105        <activity
105-->src\main\AndroidManifest.xml:92:9-95:20
106            android:name="org.nirvana.game.activities.HelpActivity"
106-->src\main\AndroidManifest.xml:93:13-68
107            android:label="@string/title_activity_help" >
107-->src\main\AndroidManifest.xml:94:13-56
108        </activity>
109
110        <!-- StartApp Section -->
111        <provider
112            android:name="com.startapp.sdk.adsbase.StartAppInitProvider"
112-->src\main\AndroidManifest.xml:99:13-73
113            android:authorities="org.nirvana.game.startappinitprovider"
113-->src\main\AndroidManifest.xml:100:13-72
114            android:exported="false" />
114-->src\main\AndroidManifest.xml:101:13-37
115
116        <activity
116-->src\main\AndroidManifest.xml:103:9-106:63
117            android:name="com.startapp.sdk.adsbase.consent.ConsentActivity"
117-->src\main\AndroidManifest.xml:104:13-76
118            android:configChanges="orientation|screenSize|screenLayout|keyboardHidden"
118-->src\main\AndroidManifest.xml:105:13-87
119            android:theme="@android:style/Theme.Translucent" />
119-->src\main\AndroidManifest.xml:106:13-61
120        <activity
120-->src\main\AndroidManifest.xml:108:9-110:51
121            android:name="com.startapp.sdk.ads.list3d.List3DActivity"
121-->src\main\AndroidManifest.xml:109:13-70
122            android:theme="@android:style/Theme" />
122-->src\main\AndroidManifest.xml:110:13-49
123        <activity
123-->src\main\AndroidManifest.xml:112:9-115:63
124            android:name="com.startapp.sdk.adsbase.activities.OverlayActivity"
124-->src\main\AndroidManifest.xml:113:13-79
125            android:configChanges="orientation|screenSize|screenLayout|keyboardHidden"
125-->src\main\AndroidManifest.xml:114:13-87
126            android:theme="@android:style/Theme.Translucent" />
126-->src\main\AndroidManifest.xml:115:13-61
127        <activity
127-->src\main\AndroidManifest.xml:117:9-120:51
128            android:name="com.startapp.sdk.adsbase.activities.FullScreenActivity"
128-->src\main\AndroidManifest.xml:118:13-82
129            android:configChanges="orientation|screenSize|screenLayout|keyboardHidden"
129-->src\main\AndroidManifest.xml:119:13-87
130            android:theme="@android:style/Theme" />
130-->src\main\AndroidManifest.xml:120:13-49
131
132        <service android:name="com.startapp.sdk.adsbase.InfoEventService" />
132-->src\main\AndroidManifest.xml:122:9-77
132-->src\main\AndroidManifest.xml:122:18-74
133        <service
133-->src\main\AndroidManifest.xml:124:9-126:72
134            android:name="com.startapp.sdk.adsbase.PeriodicJobService"
134-->src\main\AndroidManifest.xml:125:13-71
135            android:permission="android.permission.BIND_JOB_SERVICE" />
135-->src\main\AndroidManifest.xml:126:13-69
136
137        <receiver android:name="com.startapp.sdk.adsbase.remoteconfig.BootCompleteListener" >
137-->src\main\AndroidManifest.xml:128:9-132:20
137-->src\main\AndroidManifest.xml:128:19-92
138            <intent-filter>
138-->src\main\AndroidManifest.xml:129:13-131:29
139                <action android:name="android.intent.action.BOOT_COMPLETED" />
139-->src\main\AndroidManifest.xml:130:17-78
139-->src\main\AndroidManifest.xml:130:25-76
140            </intent-filter>
141        </receiver>
142        <!-- End of StartApp -->
143
144
145        <!--
146        <receiver android:name="nirvaname.components.NoiseBroadcastReceiver">
147		   <intent-filter>
148		      <action android:name="android.media.AUDIO_BECOMING_NOISY" />
149		   </intent-filter>
150		</receiver>
151        
152        <receiver android:name="nirvaname.components.RingerModeChangeReceiver">
153		   <intent-filter>
154		      <action android:name="AudioManager.RINGER_MODE_CHANGED_ACTION" />
155		   </intent-filter>
156		</receiver>
157        -->
158
159        <meta-data
159-->src\main\AndroidManifest.xml:147:9-149:41
160            android:name="com.startapp.sdk.APPLICATION_ID"
160-->src\main\AndroidManifest.xml:148:13-59
161            android:value="210989161" />
161-->src\main\AndroidManifest.xml:149:13-38
162    </application>
163
164</manifest>